[2025-11-25 15:09:55,687] [INFO] [attendance_system] Logging configuration loaded successfully.
[2025-11-25 15:14:36,943] [INFO] [attendance_system] Logging configuration loaded successfully.
[2025-11-25 15:18:01,033] [INFO] [attendance_system] Logging configuration loaded successfully.
[2025-11-25 15:19:49,400] [INFO] [attendance_system] Logging configuration loaded successfully.
[2025-11-25 15:20:33,730] [INFO] [attendance_system] Logging configuration loaded successfully.
[2025-11-25 15:32:30,339] [INFO] [attendance_system] Logging configuration loaded successfully.
[2025-11-25 15:33:48,385] [INFO] [attendance_system] Logging configuration loaded successfully.
[2025-11-25 15:34:14,317] [INFO] [attendance_system] Logging configuration loaded successfully.
[2025-11-25 15:39:12,736] [INFO] [attendance_system] Logging configuration loaded successfully.
[2025-11-25 15:39:20,044] [INFO] [attendance_system] Logging configuration loaded successfully.
[2025-11-25 15:41:24,078] [INFO] [attendance_system] Logging configuration loaded successfully.
[2025-11-25 15:43:06,143] [INFO] [attendance_system] Logging configuration loaded successfully.
[2025-11-25 15:52:32,445] [INFO] [attendance_system] Logging configuration loaded successfully.
[2025-11-25 15:53:04,365] [INFO] [attendance_system] Logging configuration loaded successfully.
[2025-11-25 15:54:54,430] [INFO] [attendance_system] Logging configuration loaded successfully.
[2025-11-25 15:55:16,467] [INFO] [attendance_system] Logging configuration loaded successfully.
[2025-11-25 15:57:51,469] [INFO] [attendance_system] Logging configuration loaded successfully.
[2025-11-25 15:58:14,876] [INFO] [attendance_system] Logging configuration loaded successfully.
[2025-11-25 15:59:40,353] [INFO] [attendance_system] Logging configuration loaded successfully.
[2025-11-25 16:00:32,059] [INFO] [attendance_system] Logging configuration loaded successfully.
[2025-11-25 16:00:52,676] [INFO] [attendance_system] Logging configuration loaded successfully.
[2025-11-25 16:03:06,186] [INFO] [attendance_system] Logging configuration loaded successfully.
[2025-11-25 16:11:59,589] [INFO] [attendance_system] Logging configuration loaded successfully.
[2025-11-25 16:13:10,608] [INFO] [attendance_system] Logging configuration loaded successfully.
[2025-11-25 16:23:26,478] [INFO] [attendance_system] Logging configuration loaded successfully.
[2025-11-25 16:26:03,544] [INFO] [attendance_system] Logging configuration loaded successfully.
[2025-11-25 16:27:59,192] [INFO] [attendance_system] Logging configuration loaded successfully.
[2025-11-25 16:51:27,524] [INFO] [attendance_system] Logging configuration loaded successfully.
[2025-11-25 16:54:27,434] [INFO] [attendance_system] Logging configuration loaded successfully.
[2025-11-25 17:05:16,585] [INFO] [attendance_system] Logging configuration loaded successfully.
[2025-11-25 17:15:00,275] [INFO] [attendance_system] Logging configuration loaded successfully.
[2025-11-25 17:18:50,850] [INFO] [attendance_system] Logging configuration loaded successfully.
[2025-11-25 17:19:50,898] [INFO] [attendance_system] Logging configuration loaded successfully.
[2025-11-25 17:21:36,146] [INFO] [attendance_system] Logging configuration loaded successfully.
[2025-11-25 17:27:01,400] [INFO] [attendance_system] Logging configuration loaded successfully.
[2025-11-25 18:01:36,955] [INFO] [attendance_system] Logging configuration loaded successfully.
[2025-11-25 18:10:04,654] [INFO] [attendance_system] Logging configuration loaded successfully.
[2025-11-25 18:14:43,953] [INFO] [attendance_system] Logging configuration loaded successfully.
[2025-11-25 18:28:37,294] [INFO] [attendance_system] Logging configuration loaded successfully.
[2025-11-25 18:33:16,232] [INFO] [attendance_system] --- DATABASE CONNECTION INFO ---
[2025-11-25 18:33:16,233] [INFO] [attendance_system] Host: aws-1-eu-north-1.pooler.supabase.com (Expected: Supavisor Pooler Hostname)
[2025-11-25 18:33:16,233] [INFO] [attendance_system] Port: 6543
[2025-11-25 18:33:16,234] [INFO] [attendance_system] URL (masked): postgresql://postgres.kfnnflolfaqnpjlsuxcc:***@aws-1-eu-north-1.pooler.supabase.com:6543/postgres?sslmode=require&client_encoding=utf8
[2025-11-25 18:33:16,235] [INFO] [attendance_system] --------------------------------
[2025-11-25 18:34:09,324] [INFO] [attendance_system] --- DATABASE CONNECTION INFO ---
[2025-11-25 18:34:09,324] [INFO] [attendance_system] Host: aws-1-eu-north-1.pooler.supabase.com (Expected: Supavisor Pooler Hostname)
[2025-11-25 18:34:09,325] [INFO] [attendance_system] Port: 6543
[2025-11-25 18:34:09,325] [INFO] [attendance_system] URL (masked): postgresql://postgres.kfnnflolfaqnpjlsuxcc:***@aws-1-eu-north-1.pooler.supabase.com:6543/postgres?sslmode=require&client_encoding=utf8
[2025-11-25 18:34:09,325] [INFO] [attendance_system] --------------------------------
[2025-11-25 18:39:37,776] [INFO] [attendance_system] Logging configuration loaded successfully.
[2025-11-25 18:41:42,042] [INFO] [attendance_system] Logging configuration loaded successfully.
[2025-11-25 18:42:15,578] [INFO] [attendance_system] Logging configuration loaded successfully.
[2025-11-26 15:18:29,834] [INFO] [attendance_system] Logging configuration loaded successfully.
[2025-11-26 15:27:43,796] [INFO] [attendance_system] Logging configuration loaded successfully.
[2025-11-26 15:29:51,980] [INFO] [attendance_system] Logging configuration loaded successfully.
[2025-11-26 15:36:16,812] [INFO] [attendance_system] Logging configuration loaded successfully.
[2025-11-26 15:39:18,527] [INFO] [attendance_system] Logging configuration loaded successfully.
[2025-11-26 15:57:49,965] [INFO] [attendance_system] Logging configuration loaded successfully.
[2025-11-26 16:03:37,129] [INFO] [attendance_system] Logging configuration loaded successfully.
[2025-11-26 16:08:50,843] [INFO] [attendance_system] Logging configuration loaded successfully.
[2025-11-26 16:09:40,021] [INFO] [attendance_system] Logging configuration loaded successfully.
[2025-11-26 16:18:46,772] [INFO] [attendance_system] Logging configuration loaded successfully.
[2025-11-26 16:23:44,459] [INFO] [attendance_system] Logging configuration loaded successfully.
[2025-11-26 16:27:08,240] [INFO] [attendance_system] Logging configuration loaded successfully.
[2025-11-26 16:50:09,126] [INFO] [attendance_system] Logging configuration loaded successfully.
[2025-11-26 16:51:20,208] [INFO] [attendance_system] Logging configuration loaded successfully.
[2025-11-26 16:55:06,349] [INFO] [attendance_system] Logging configuration loaded successfully.
[2025-11-26 16:58:38,542] [INFO] [attendance_system] Logging configuration loaded successfully.
[2025-11-26 16:59:47,423] [INFO] [attendance_system] Logging configuration loaded successfully.
[2025-11-26 17:01:53,188] [INFO] [attendance_system] Logging configuration loaded successfully.
[2025-11-26 17:06:55,203] [INFO] [attendance_system] Logging configuration loaded successfully.
[2025-11-26 17:07:39,453] [INFO] [attendance_system] Logging configuration loaded successfully.
[2025-11-26 17:08:16,332] [INFO] [attendance_system] Logging configuration loaded successfully.
[2025-11-26 17:14:08,503] [INFO] [attendance_system] Logging configuration loaded successfully.
[2025-11-26 17:22:44,931] [INFO] [attendance_system] Logging configuration loaded successfully.
[2025-11-26 17:23:13,610] [INFO] [attendance_system] Logging configuration loaded successfully.
[2025-11-26 17:26:19,761] [INFO] [attendance_system] Logging configuration loaded successfully.
[2025-11-26 17:26:33,611] [INFO] [attendance_system] Logging configuration loaded successfully.
[2025-11-26 17:27:26,274] [INFO] [attendance_system] Logging configuration loaded successfully.
[2025-11-26 17:27:48,806] [INFO] [attendance_system] Logging configuration loaded successfully.
[2025-11-26 17:33:05,032] [INFO] [attendance_system] Logging configuration loaded successfully.
[2025-11-26 17:33:25,057] [INFO] [attendance_system] Logging configuration loaded successfully.
[2025-11-26 17:34:21,391] [INFO] [attendance_system] Logging configuration loaded successfully.
[2025-11-26 17:37:30,314] [INFO] [attendance_system] Logging configuration loaded successfully.
[2025-11-26 17:40:30,006] [INFO] [attendance_system] Logging configuration loaded successfully.
[2025-11-26 17:40:36,278] [INFO] [attendance_system] Logging configuration loaded successfully.
[2025-11-26 17:50:20,477] [INFO] [attendance_system] Logging configuration loaded successfully.
[2025-11-26 17:53:07,804] [INFO] [attendance_system] Logging configuration loaded successfully.
[2025-11-26 17:56:15,364] [INFO] [attendance_system] Logging configuration loaded successfully.
[2025-11-26 17:56:21,733] [INFO] [attendance_system] Logging configuration loaded successfully.
[2025-11-26 18:02:00,315] [INFO] [attendance_system] Logging configuration loaded successfully.
[2025-11-26 18:02:13,894] [INFO] [attendance_system] Logging configuration loaded successfully.
[2025-11-26 18:02:36,207] [INFO] [attendance_system] Logging configuration loaded successfully.
[2025-11-26 18:03:08,339] [INFO] [attendance_system] Logging configuration loaded successfully.
[2025-11-26 18:06:23,419] [INFO] [attendance_system] Logging configuration loaded successfully.
[2025-11-26 18:07:47,205] [INFO] [attendance_system] Logging configuration loaded successfully.
[2025-11-26 18:08:27,994] [INFO] [attendance_system] Logging configuration loaded successfully.
[2025-11-26 18:08:54,736] [INFO] [attendance_system] Logging configuration loaded successfully.
[2025-11-26 18:09:39,699] [INFO] [attendance_system] Logging configuration loaded successfully.
[2025-11-26 18:14:52,378] [INFO] [attendance_system] Logging configuration loaded successfully.
[2025-11-27 00:22:44,201] [INFO] [attendance_system] Logging configuration loaded successfully.
[2025-11-27 00:24:54,193] [INFO] [attendance_system] Logging configuration loaded successfully.
[2025-11-27 00:25:00,787] [INFO] [attendance_system] Logging configuration loaded successfully.
[2025-11-27 00:27:25,035] [INFO] [attendance_system] Logging configuration loaded successfully.
[2025-11-27 00:33:18,165] [INFO] [attendance_system] Logging configuration loaded successfully.
[2025-11-27 00:35:04,903] [INFO] [attendance_system] Logging configuration loaded successfully.
[2025-11-27 00:36:58,671] [INFO] [attendance_system] Logging configuration loaded successfully.
[2025-11-27 00:39:10,937] [INFO] [attendance_system] Logging configuration loaded successfully.
[2025-11-27 00:40:40,228] [INFO] [attendance_system] Logging configuration loaded successfully.
[2025-11-27 00:45:59,447] [INFO] [attendance_system] Logging configuration loaded successfully.
[2025-11-27 00:49:47,804] [INFO] [attendance_system] Logging configuration loaded successfully.
[2025-11-27 00:50:06,133] [INFO] [attendance_system] Logging configuration loaded successfully.
[2025-11-27 00:52:51,095] [INFO] [attendance_system] Logging configuration loaded successfully.
[2025-11-27 00:53:39,672] [INFO] [attendance_system] Logging configuration loaded successfully.
[2025-11-27 00:54:28,741] [INFO] [attendance_system] Logging configuration loaded successfully.
[2025-11-27 00:55:24,828] [INFO] [attendance_system] Logging configuration loaded successfully.
[2025-11-27 01:02:04,760] [INFO] [attendance_system] Logging configuration loaded successfully.
[2025-11-27 01:12:37,417] [INFO] [attendance_system] Logging configuration loaded successfully.
[2025-11-27 01:14:41,260] [INFO] [attendance_system] Logging configuration loaded successfully.
[2025-11-27 01:16:30,865] [INFO] [attendance_system] Logging configuration loaded successfully.
[2025-11-27 01:17:44,376] [INFO] [attendance_system] Logging configuration loaded successfully.
[2025-11-27 01:27:31,592] [INFO] [attendance_system] Logging configuration loaded successfully.
[2025-11-27 01:27:51,840] [INFO] [attendance_system] Logging configuration loaded successfully.
[2025-11-27 02:05:13,737] [INFO] [attendance_system] Logging configuration loaded successfully.
[2025-11-27 02:07:24,670] [INFO] [attendance_system] Logging configuration loaded successfully.
[2025-11-27 02:09:33,603] [INFO] [attendance_system] Logging configuration loaded successfully.
[2025-11-27 02:10:31,820] [INFO] [attendance_system] Logging configuration loaded successfully.
[2025-11-27 02:13:26,173] [INFO] [attendance_system] Logging configuration loaded successfully.
[2025-11-27 02:16:32,819] [INFO] [attendance_system] Logging configuration loaded successfully.
[2025-11-27 02:18:13,062] [INFO] [attendance_system] Logging configuration loaded successfully.
[2025-11-27 02:18:31,129] [INFO] [attendance_system] Logging configuration loaded successfully.
[2025-11-27 02:19:52,953] [INFO] [attendance_system] Logging configuration loaded successfully.
[2025-11-27 02:22:03,550] [INFO] [attendance_system] Logging configuration loaded successfully.
[2025-11-27 02:29:09,087] [INFO] [attendance_system] Logging configuration loaded successfully.
[2025-11-27 02:33:55,935] [INFO] [attendance_system] Logging configuration loaded successfully.
[2025-11-27 02:34:12,427] [INFO] [attendance_system] Logging configuration loaded successfully.
[2025-11-27 02:43:04,683] [INFO] [attendance_system] Logging configuration loaded successfully.
[2025-11-27 02:43:57,151] [INFO] [attendance_system] Logging configuration loaded successfully.
